HimalayaGt/build/outputs/logs/manifest-merger-debug-report.txt
-- Merging decision tree log ---
manifest
ADDED from src\main\AndroidManifest.xml:2:1-321:12
	package
		ADDED from src\main\AndroidManifest.xml:3:5-35
		INJECTED from src\main\AndroidManifest.xml
		INJECTED from src\main\AndroidManifest.xml
	android:versionName
		ADDED from src\main\AndroidManifest.xml:5:5-30
		INJECTED from src\main\AndroidManifest.xml
		INJECTED from src\main\AndroidManifest.xml
	android:versionCode
		ADDED from src\main\AndroidManifest.xml:4:5-28
		INJECTED from src\main\AndroidManifest.xml
		INJECTED from src\main\AndroidManifest.xml
	xmlns:android
		ADDED from src\main\AndroidManifest.xml:2:11-69
uses-sdk
ADDED from src\main\AndroidManifest.xml:7:5-9:41
MERGED from [com.android.support:multidex:1.0.1] AndroidManifest.xml:18:5-42
MERGED from [com.android.support:design:23.1.1] AndroidManifest.xml:20:5-43
MERGED from [com.android.support:appcompat-v7:23.1.1] AndroidManifest.xml:20:5-43
MERGED from [com.android.support:cardview-v7:23.1.1] AndroidManifest.xml:20:5-43
MERGED from [com.github.ksoichiro:android-observablescrollview:1.6.0] AndroidManifest.xml:21:5-43
MERGED from [com.android.support:recyclerview-v7:23.1.1] AndroidManifest.xml:20:5-43
MERGED from [com.google.android.gms:play-services-location:8.4.0] AndroidManifest.xml:18:5-42
MERGED from [com.google.android.gms:play-services-maps:8.4.0] AndroidManifest.xml:26:5-42
MERGED from [com.google.android.gms:play-services-base:8.4.0] AndroidManifest.xml:18:5-42
MERGED from [com.google.android.gms:play-services-basement:8.4.0] AndroidManifest.xml:18:5-42
MERGED from [com.android.support:support-v4:23.1.1] AndroidManifest.xml:20:5-43
MERGED from [com.github.clans:fab:1.6.2] AndroidManifest.xml:8:5-10:41
MERGED from [com.android.support.constraint:constraint-layout:1.0.0-alpha4] AndroidManifest.xml:5:5-7:41
	android:targetSdkVersion
		ADDED from src\main\AndroidManifest.xml:9:9-38
		INJECTED from src\main\AndroidManifest.xml
		INJECTED from src\main\AndroidManifest.xml
	android:minSdkVersion
		ADDED from src\main\AndroidManifest.xml:8:9-34
		INJECTED from src\main\AndroidManifest.xml
		INJECTED from src\main\AndroidManifest.xml
uses-permission#android.permission.ACCESS_NETWORK_STATE
ADDED from src\main\AndroidManifest.xml:11:5-79
MERGED from [com.google.android.gms:play-services-maps:8.4.0] AndroidManifest.xml:20:5-78
	android:name
		ADDED from src\main\AndroidManifest.xml:11:22-76
uses-permission#android.permission.ACCESS_COARSE_LOCATION
ADDED from src\main\AndroidManifest.xml:12:5-81
	android:name
		ADDED from src\main\AndroidManifest.xml:12:22-78
uses-permission#android.permission.ACCESS_FINE_LOCATION
ADDED from src\main\AndroidManifest.xml:13:5-79
	android:name
		ADDED from src\main\AndroidManifest.xml:13:22-76
uses-permission#android.permission.INTERNET
ADDED from src\main\AndroidManifest.xml:14:5-67
MERGED from [com.google.android.gms:play-services-maps:8.4.0] AndroidManifest.xml:21:5-66
	android:name
		ADDED from src\main\AndroidManifest.xml:14:22-64
uses-permission#android.permission.WRITE_EXTERNAL_STORAGE
ADDED from src\main\AndroidManifest.xml:15:5-81
	android:name
		ADDED from src\main\AndroidManifest.xml:15:22-78
uses-permission#android.permission.WRITE_SYNC_SETTINGS
ADDED from src\main\AndroidManifest.xml:16:5-78
	android:name
		ADDED from src\main\AndroidManifest.xml:16:22-75
uses-permission#android.permission.WAKE_LOCK
ADDED from src\main\AndroidManifest.xml:17:5-68
	android:name
		ADDED from src\main\AndroidManifest.xml:17:22-65
uses-permission#android.permission.READ_PHONE_STATE
ADDED from src\main\AndroidManifest.xml:18:5-75
	android:name
		ADDED from src\main\AndroidManifest.xml:18:22-72
uses-permission#android.permission.READ_EXTERNAL_STORAGE
ADDED from src\main\AndroidManifest.xml:19:5-80
	android:name
		ADDED from src\main\AndroidManifest.xml:19:22-77
uses-permission#android.permission.CALL_PHONE
ADDED from src\main\AndroidManifest.xml:20:5-69
	android:name
		ADDED from src\main\AndroidManifest.xml:20:22-66
uses-permission#com.htc.tms.permission.MAPS_RECEIVE
ADDED from src\main\AndroidManifest.xml:21:5-75
	android:name
		ADDED from src\main\AndroidManifest.xml:21:22-72
uses-permission#android.permission.SYSTEM_ALERT_WINDOW
ADDED from src\main\AndroidManifest.xml:24:5-78
	android:name
		ADDED from src\main\AndroidManifest.xml:24:22-75
application
ADDED from src\main\AndroidManifest.xml:26:5-319:19
MERGED from [com.android.support:design:23.1.1] AndroidManifest.xml:22:5-20
MERGED from [com.android.support:appcompat-v7:23.1.1] AndroidManifest.xml:22:5-20
MERGED from [com.android.support:cardview-v7:23.1.1] AndroidManifest.xml:22:5-20
MERGED from [com.google.android.gms:play-services-location:8.4.0] AndroidManifest.xml:19:5-20
MERGED from [com.google.android.gms:play-services-maps:8.4.0] AndroidManifest.xml:27:5-20
MERGED from [com.google.android.gms:play-services-basement:8.4.0] AndroidManifest.xml:20:5-24:19
MERGED from [com.android.support:support-v4:23.1.1] AndroidManifest.xml:22:5-20
MERGED from [com.github.clans:fab:1.6.2] AndroidManifest.xml:12:5-20
MERGED from [com.android.support.constraint:constraint-layout:1.0.0-alpha4] AndroidManifest.xml:9:5-20
	android:label
		ADDED from src\main\AndroidManifest.xml:29:9-41
	android:allowBackup
		ADDED from src\main\AndroidManifest.xml:27:9-35
	android:icon
		ADDED from src\main\AndroidManifest.xml:28:9-50
	android:largeHeap
		ADDED from src\main\AndroidManifest.xml:30:9-33
	android:theme
		ADDED from src\main\AndroidManifest.xml:31:9-52
activity#com.cpm.himalayaGT.SplashScreenActivity
ADDED from src\main\AndroidManifest.xml:32:9-41:20
	android:screenOrientation
		ADDED from src\main\AndroidManifest.xml:35:13-49
	android:label
		ADDED from src\main\AndroidManifest.xml:34:13-45
	android:name
		ADDED from src\main\AndroidManifest.xml:33:13-67
intent-filter#android.intent.action.MAIN+android.intent.category.LAUNCHER
ADDED from src\main\AndroidManifest.xml:36:13-40:29
action#android.intent.action.MAIN
ADDED from src\main\AndroidManifest.xml:37:17-69
	android:name
		ADDED from src\main\AndroidManifest.xml:37:25-66
category#android.intent.category.LAUNCHER
ADDED from src\main\AndroidManifest.xml:39:17-77
	android:name
		ADDED from src\main\AndroidManifest.xml:39:27-74
activity#com.cpm.autoupdate.AutoupdateActivity
ADDED from src\main\AndroidManifest.xml:42:9-44:52
	android:screenOrientation
		ADDED from src\main\AndroidManifest.xml:44:13-49
	android:name
		ADDED from src\main\AndroidManifest.xml:43:13-65
activity#com.cpm.web.ShowUpdateActivity
ADDED from src\main\AndroidManifest.xml:45:9-47:52
	android:screenOrientation
		ADDED from src\main\AndroidManifest.xml:47:13-49
	android:name
		ADDED from src\main\AndroidManifest.xml:46:13-58
activity#com.cpm.himalayaGT.MainActivity
ADDED from src\main\AndroidManifest.xml:48:9-50:52
	android:screenOrientation
		ADDED from src\main\AndroidManifest.xml:50:13-49
	android:name
		ADDED from src\main\AndroidManifest.xml:49:13-59
activity#com.cpm.download.CompleteDownloadActivity
ADDED from src\main\AndroidManifest.xml:51:9-53:52
	android:screenOrientation
		ADDED from src\main\AndroidManifest.xml:53:13-49
	android:name
		ADDED from src\main\AndroidManifest.xml:52:13-69
activity#com.cpm.dailyentry.DailyEntryScreen
ADDED from src\main\AndroidManifest.xml:54:9-57:52
	android:screenOrientation
		ADDED from src\main\AndroidManifest.xml:57:13-49
	android:label
		ADDED from src\main\AndroidManifest.xml:56:13-39
	android:name
		ADDED from src\main\AndroidManifest.xml:55:13-63
activity#com.cpm.upload.UploadOptionActivity
ADDED from src\main\AndroidManifest.xml:58:9-60:52
	android:screenOrientation
		ADDED from src\main\AndroidManifest.xml:60:13-49
	android:name
		ADDED from src\main\AndroidManifest.xml:59:13-63
activity#com.cpm.upload.UploadDataActivity
ADDED from src\main\AndroidManifest.xml:61:9-63:52
	android:screenOrientation
		ADDED from src\main\AndroidManifest.xml:63:13-49
	android:name
		ADDED from src\main\AndroidManifest.xml:62:13-61
activity#com.cpm.upload.CheckoutNUpload
ADDED from src\main\AndroidManifest.xml:64:9-66:52
	android:screenOrientation
		ADDED from src\main\AndroidManifest.xml:66:13-49
	android:name
		ADDED from src\main\AndroidManifest.xml:65:13-58
activity#com.cpm.upload.UploadAllImageActivity
ADDED from src\main\AndroidManifest.xml:67:9-69:52
	android:screenOrientation
		ADDED from src\main\AndroidManifest.xml:69:13-49
	android:name
		ADDED from src\main\AndroidManifest.xml:68:13-65
activity#com.cpm.dailyentry.StoreEntry
ADDED from src\main\AndroidManifest.xml:70:9-73:52
	android:screenOrientation
		ADDED from src\main\AndroidManifest.xml:73:13-49
	android:label
		ADDED from src\main\AndroidManifest.xml:72:13-40
	android:name
		ADDED from src\main\AndroidManifest.xml:71:13-57
activity#com.cpm.dailyentry.StoreType
ADDED from src\main\AndroidManifest.xml:74:9-76:52
	android:screenOrientation
		ADDED from src\main\AndroidManifest.xml:76:13-49
	android:name
		ADDED from src\main\AndroidManifest.xml:75:13-56
activity#com.cpm.dailyentry.DeepFreezerActivity
ADDED from src\main\AndroidManifest.xml:77:9-80:55
	android:screenOrientation
		ADDED from src\main\AndroidManifest.xml:79:13-49
	android:windowSoftInputMode
		ADDED from src\main\AndroidManifest.xml:80:13-52
	android:name
		ADDED from src\main\AndroidManifest.xml:78:13-66
activity#com.cpm.dailyentry.MccainType
ADDED from src\main\AndroidManifest.xml:81:9-83:52
	android:screenOrientation
		ADDED from src\main\AndroidManifest.xml:83:13-49
	android:name
		ADDED from src\main\AndroidManifest.xml:82:13-57
activity#com.cpm.dailyentry.StockAvailability
ADDED from src\main\AndroidManifest.xml:84:9-89:55
	android:screenOrientation
		ADDED from src\main\AndroidManifest.xml:88:13-49
	android:label
		ADDED from src\main\AndroidManifest.xml:87:13-47
	android:windowSoftInputMode
		ADDED from src\main\AndroidManifest.xml:89:13-52
	android:configChanges
		ADDED from src\main\AndroidManifest.xml:86:13-74
	android:name
		ADDED from src\main\AndroidManifest.xml:85:13-64
activity#com.cpm.dailyentry.ClosingStock
ADDED from src\main\AndroidManifest.xml:90:9-95:55
	android:screenOrientation
		ADDED from src\main\AndroidManifest.xml:94:13-49
	android:label
		ADDED from src\main\AndroidManifest.xml:93:13-62
	android:windowSoftInputMode
		ADDED from src\main\AndroidManifest.xml:95:13-52
	android:configChanges
		ADDED from src\main\AndroidManifest.xml:92:13-74
	android:name
		ADDED from src\main\AndroidManifest.xml:91:13-59
activity#com.cpm.dailyentry.MidDayStock
ADDED from src\main\AndroidManifest.xml:96:9-101:55
	android:screenOrientation
		ADDED from src\main\AndroidManifest.xml:100:13-49
	android:label
		ADDED from src\main\AndroidManifest.xml:99:13-60
	android:windowSoftInputMode
		ADDED from src\main\AndroidManifest.xml:101:13-52
	android:configChanges
		ADDED from src\main\AndroidManifest.xml:98:13-74
	android:name
		ADDED from src\main\AndroidManifest.xml:97:13-58
activity#com.cpm.dailyentry.WindowsActivity
ADDED from src\main\AndroidManifest.xml:102:9-107:55
	android:screenOrientation
		ADDED from src\main\AndroidManifest.xml:106:13-49
	android:label
		ADDED from src\main\AndroidManifest.xml:105:13-42
	android:windowSoftInputMode
		ADDED from src\main\AndroidManifest.xml:107:13-52
	android:configChanges
		ADDED from src\main\AndroidManifest.xml:104:13-74
	android:name
		ADDED from src\main\AndroidManifest.xml:103:13-62
activity#com.cpm.dailyentry.NonWorkingReason
ADDED from src\main\AndroidManifest.xml:108:9-113:55
	android:screenOrientation
		ADDED from src\main\AndroidManifest.xml:112:13-49
	android:label
		ADDED from src\main\AndroidManifest.xml:111:13-40
	android:windowSoftInputMode
		ADDED from src\main\AndroidManifest.xml:113:13-52
	android:configChanges
		ADDED from src\main\AndroidManifest.xml:110:13-74
	android:name
		ADDED from src\main\AndroidManifest.xml:109:13-63
activity#com.cpm.dailyentry.FoodStore
ADDED from src\main\AndroidManifest.xml:114:9-118:55
	android:screenOrientation
		ADDED from src\main\AndroidManifest.xml:117:13-49
	android:windowSoftInputMode
		ADDED from src\main\AndroidManifest.xml:118:13-52
	android:configChanges
		ADDED from src\main\AndroidManifest.xml:116:13-74
	android:name
		ADDED from src\main\AndroidManifest.xml:115:13-56
activity#com.cpm.dailyentry.FacingCompetitor
ADDED from src\main\AndroidManifest.xml:119:9-124:55
	android:screenOrientation
		ADDED from src\main\AndroidManifest.xml:123:13-49
	android:label
		ADDED from src\main\AndroidManifest.xml:122:13-46
	android:windowSoftInputMode
		ADDED from src\main\AndroidManifest.xml:124:13-52
	android:configChanges
		ADDED from src\main\AndroidManifest.xml:121:13-74
	android:name
		ADDED from src\main\AndroidManifest.xml:120:13-63
activity#com.cpm.dailyentry.WindowListActivity
ADDED from src\main\AndroidManifest.xml:125:9-131:55
	android:screenOrientation
		ADDED from src\main\AndroidManifest.xml:129:13-49
	android:label
		ADDED from src\main\AndroidManifest.xml:128:13-47
	android:windowSoftInputMode
		ADDED from src\main\AndroidManifest.xml:131:13-52
	android:configChanges
		ADDED from src\main\AndroidManifest.xml:127:13-74
	android:theme
		ADDED from src\main\AndroidManifest.xml:130:13-56
	android:name
		ADDED from src\main\AndroidManifest.xml:126:13-65
activity#com.cpm.dailyentry.UploadSelect
ADDED from src\main\AndroidManifest.xml:132:9-136:55
	android:screenOrientation
		ADDED from src\main\AndroidManifest.xml:135:13-49
	android:windowSoftInputMode
		ADDED from src\main\AndroidManifest.xml:136:13-52
	android:configChanges
		ADDED from src\main\AndroidManifest.xml:134:13-74
	android:name
		ADDED from src\main\AndroidManifest.xml:133:13-59
activity#com.cpm.dailyentry.CheckOutStoreActivity
ADDED from src\main\AndroidManifest.xml:137:9-141:55
	android:screenOrientation
		ADDED from src\main\AndroidManifest.xml:140:13-49
	android:windowSoftInputMode
		ADDED from src\main\AndroidManifest.xml:141:13-52
	android:configChanges
		ADDED from src\main\AndroidManifest.xml:139:13-74
	android:name
		ADDED from src\main\AndroidManifest.xml:138:13-68
activity#com.cpm.dailyentry.CallsActivity
ADDED from src\main\AndroidManifest.xml:142:9-146:55
	android:screenOrientation
		ADDED from src\main\AndroidManifest.xml:145:13-49
	android:windowSoftInputMode
		ADDED from src\main\AndroidManifest.xml:146:13-52
	android:configChanges
		ADDED from src\main\AndroidManifest.xml:144:13-74
	android:name
		ADDED from src\main\AndroidManifest.xml:143:13-60
activity#com.cpm.dailyentry.Performance
ADDED from src\main\AndroidManifest.xml:147:9-151:55
	android:screenOrientation
		ADDED from src\main\AndroidManifest.xml:150:13-49
	android:windowSoftInputMode
		ADDED from src\main\AndroidManifest.xml:151:13-52
	android:configChanges
		ADDED from src\main\AndroidManifest.xml:149:13-74
	android:name
		ADDED from src\main\AndroidManifest.xml:148:13-58
activity#com.cpm.himalayaGT.MainMenuActivity
ADDED from src\main\AndroidManifest.xml:152:9-156:59
	android:screenOrientation
		ADDED from src\main\AndroidManifest.xml:155:13-49
	android:label
		ADDED from src\main\AndroidManifest.xml:154:13-38
	android:theme
		ADDED from src\main\AndroidManifest.xml:156:13-56
	android:name
		ADDED from src\main\AndroidManifest.xml:153:13-63
activity#com.cpm.himalayaGT.LoginActivity
ADDED from src\main\AndroidManifest.xml:157:9-161:59
	android:screenOrientation
		ADDED from src\main\AndroidManifest.xml:160:13-49
	android:label
		ADDED from src\main\AndroidManifest.xml:159:13-45
	android:theme
		ADDED from src\main\AndroidManifest.xml:161:13-56
	android:name
		ADDED from src\main\AndroidManifest.xml:158:13-60
activity#com.cpm.dailyentry.CompetionMenuActivity
ADDED from src\main\AndroidManifest.xml:162:9-166:59
	android:screenOrientation
		ADDED from src\main\AndroidManifest.xml:165:13-49
	android:label
		ADDED from src\main\AndroidManifest.xml:164:13-66
	android:theme
		ADDED from src\main\AndroidManifest.xml:166:13-56
	android:name
		ADDED from src\main\AndroidManifest.xml:163:13-68
activity#com.cpm.dailyentry.COMPETITORActivity
ADDED from src\main\AndroidManifest.xml:167:9-172:59
	android:screenOrientation
		ADDED from src\main\AndroidManifest.xml:171:13-49
	android:label
		ADDED from src\main\AndroidManifest.xml:170:13-62
	android:configChanges
		ADDED from src\main\AndroidManifest.xml:169:13-74
	android:theme
		ADDED from src\main\AndroidManifest.xml:172:13-56
	android:name
		ADDED from src\main\AndroidManifest.xml:168:13-65
activity#com.cpm.dailyentry.PlanogramActivity
ADDED from src\main\AndroidManifest.xml:173:9-177:59
	android:screenOrientation
		ADDED from src\main\AndroidManifest.xml:176:13-50
	android:configChanges
		ADDED from src\main\AndroidManifest.xml:175:13-74
	android:theme
		ADDED from src\main\AndroidManifest.xml:177:13-56
	android:name
		ADDED from src\main\AndroidManifest.xml:174:13-64
activity#com.cpm.dailyentry.CompetitionAditionalPOIActivity
ADDED from src\main\AndroidManifest.xml:178:9-184:55
	android:screenOrientation
		ADDED from src\main\AndroidManifest.xml:182:13-49
	android:label
		ADDED from src\main\AndroidManifest.xml:181:13-43
	android:windowSoftInputMode
		ADDED from src\main\AndroidManifest.xml:184:13-52
	android:configChanges
		ADDED from src\main\AndroidManifest.xml:180:13-74
	android:theme
		ADDED from src\main\AndroidManifest.xml:183:13-56
	android:name
		ADDED from src\main\AndroidManifest.xml:179:13-78
activity#com.cpm.dailyentry.CompetitionPromotionsActivity
ADDED from src\main\AndroidManifest.xml:185:9-191:55
	android:screenOrientation
		ADDED from src\main\AndroidManifest.xml:189:13-49
	android:label
		ADDED from src\main\AndroidManifest.xml:188:13-38
	android:windowSoftInputMode
		ADDED from src\main\AndroidManifest.xml:191:13-52
	android:configChanges
		ADDED from src\main\AndroidManifest.xml:187:13-74
	android:theme
		ADDED from src\main\AndroidManifest.xml:190:13-56
	android:name
		ADDED from src\main\AndroidManifest.xml:186:13-76
activity#com.cpm.dailyentry.StoreSignAgeActivity
ADDED from src\main\AndroidManifest.xml:192:9-197:55
	android:screenOrientation
		ADDED from src\main\AndroidManifest.xml:196:13-49
	android:label
		ADDED from src\main\AndroidManifest.xml:195:13-42
	android:windowSoftInputMode
		ADDED from src\main\AndroidManifest.xml:197:13-52
	android:configChanges
		ADDED from src\main\AndroidManifest.xml:194:13-74
	android:name
		ADDED from src\main\AndroidManifest.xml:193:13-67
activity#com.cpm.dailyentry.GeoFence_Activity
ADDED from src\main\AndroidManifest.xml:198:9-201:59
	android:label
		ADDED from src\main\AndroidManifest.xml:200:13-62
	android:theme
		ADDED from src\main\AndroidManifest.xml:201:13-56
	android:name
		ADDED from src\main\AndroidManifest.xml:199:13-64
activity#com.cpm.dailyentry.StoreimageActivity
ADDED from src\main\AndroidManifest.xml:202:9-208:55
	android:screenOrientation
		ADDED from src\main\AndroidManifest.xml:206:13-49
	android:label
		ADDED from src\main\AndroidManifest.xml:205:13-46
	android:windowSoftInputMode
		ADDED from src\main\AndroidManifest.xml:208:13-52
	android:configChanges
		ADDED from src\main\AndroidManifest.xml:204:13-74
	android:theme
		ADDED from src\main\AndroidManifest.xml:207:13-56
	android:name
		ADDED from src\main\AndroidManifest.xml:203:13-65
activity#com.cpm.dailyentry.ISSUE_TYPEActivity
ADDED from src\main\AndroidManifest.xml:209:9-215:55
	android:screenOrientation
		ADDED from src\main\AndroidManifest.xml:213:13-49
	android:label
		ADDED from src\main\AndroidManifest.xml:212:13-46
	android:windowSoftInputMode
		ADDED from src\main\AndroidManifest.xml:215:13-52
	android:configChanges
		ADDED from src\main\AndroidManifest.xml:211:13-74
	android:theme
		ADDED from src\main\AndroidManifest.xml:214:13-56
	android:name
		ADDED from src\main\AndroidManifest.xml:210:13-65
activity#com.cpm.dailyentry.POSMActivity
ADDED from src\main\AndroidManifest.xml:216:9-222:55
	android:screenOrientation
		ADDED from src\main\AndroidManifest.xml:220:13-49
	android:label
		ADDED from src\main\AndroidManifest.xml:219:13-33
	android:windowSoftInputMode
		ADDED from src\main\AndroidManifest.xml:222:13-52
	android:configChanges
		ADDED from src\main\AndroidManifest.xml:218:13-74
	android:theme
		ADDED from src\main\AndroidManifest.xml:221:13-56
	android:name
		ADDED from src\main\AndroidManifest.xml:217:13-59
activity#com.cpm.geotag.LocationActivity
ADDED from src\main\AndroidManifest.xml:223:9-229:55
	android:screenOrientation
		ADDED from src\main\AndroidManifest.xml:227:13-49
	android:label
		ADDED from src\main\AndroidManifest.xml:226:13-38
	android:windowSoftInputMode
		ADDED from src\main\AndroidManifest.xml:229:13-52
	android:configChanges
		ADDED from src\main\AndroidManifest.xml:225:13-74
	android:theme
		ADDED from src\main\AndroidManifest.xml:228:13-56
	android:name
		ADDED from src\main\AndroidManifest.xml:224:13-59
activity#com.cpm.dailyentry.GeoTagActivity
ADDED from src\main\AndroidManifest.xml:230:9-236:55
	android:screenOrientation
		ADDED from src\main\AndroidManifest.xml:234:13-49
	android:label
		ADDED from src\main\AndroidManifest.xml:233:13-38
	android:windowSoftInputMode
		ADDED from src\main\AndroidManifest.xml:236:13-52
	android:configChanges
		ADDED from src\main\AndroidManifest.xml:232:13-74
	android:theme
		ADDED from src\main\AndroidManifest.xml:235:13-56
	android:name
		ADDED from src\main\AndroidManifest.xml:231:13-61
activity#com.cpm.geotag.UploadGeotaggingActivity
ADDED from src\main\AndroidManifest.xml:237:9-243:55
	android:screenOrientation
		ADDED from src\main\AndroidManifest.xml:241:13-49
	android:label
		ADDED from src\main\AndroidManifest.xml:240:13-45
	android:windowSoftInputMode
		ADDED from src\main\AndroidManifest.xml:243:13-52
	android:configChanges
		ADDED from src\main\AndroidManifest.xml:239:13-74
	android:theme
		ADDED from src\main\AndroidManifest.xml:242:13-56
	android:name
		ADDED from src\main\AndroidManifest.xml:238:13-67
activity#com.cpm.dailyentry.SecondaryWindowActivity
ADDED from src\main\AndroidManifest.xml:244:9-250:55
	android:screenOrientation
		ADDED from src\main\AndroidManifest.xml:248:13-49
	android:label
		ADDED from src\main\AndroidManifest.xml:247:13-68
	android:windowSoftInputMode
		ADDED from src\main\AndroidManifest.xml:250:13-52
	android:configChanges
		ADDED from src\main\AndroidManifest.xml:246:13-74
	android:theme
		ADDED from src\main\AndroidManifest.xml:249:13-56
	android:name
		ADDED from src\main\AndroidManifest.xml:245:13-70
activity#com.cpm.dailyentry.ChecklistActivity
ADDED from src\main\AndroidManifest.xml:251:9-257:55
	android:screenOrientation
		ADDED from src\main\AndroidManifest.xml:255:13-49
	android:label
		ADDED from src\main\AndroidManifest.xml:254:13-61
	android:windowSoftInputMode
		ADDED from src\main\AndroidManifest.xml:257:13-52
	android:configChanges
		ADDED from src\main\AndroidManifest.xml:253:13-74
	android:theme
		ADDED from src\main\AndroidManifest.xml:256:13-56
	android:name
		ADDED from src\main\AndroidManifest.xml:252:13-64
activity#com.cpm.dailyentry.SKUEntryActivity
ADDED from src\main\AndroidManifest.xml:258:9-264:55
	android:screenOrientation
		ADDED from src\main\AndroidManifest.xml:262:13-49
	android:label
		ADDED from src\main\AndroidManifest.xml:261:13-60
	android:windowSoftInputMode
		ADDED from src\main\AndroidManifest.xml:264:13-52
	android:configChanges
		ADDED from src\main\AndroidManifest.xml:260:13-74
	android:theme
		ADDED from src\main\AndroidManifest.xml:263:13-56
	android:name
		ADDED from src\main\AndroidManifest.xml:259:13-63
activity#com.cpm.dailyentry.WindowPlanogramActivity
ADDED from src\main\AndroidManifest.xml:265:9-269:55
	android:windowSoftInputMode
		ADDED from src\main\AndroidManifest.xml:269:13-52
	android:configChanges
		ADDED from src\main\AndroidManifest.xml:267:13-74
	android:theme
		ADDED from src\main\AndroidManifest.xml:268:13-56
	android:name
		ADDED from src\main\AndroidManifest.xml:266:13-70
activity#com.cpm.dailyentry.ClosingStockCategory
ADDED from src\main\AndroidManifest.xml:270:9-275:55
	android:label
		ADDED from src\main\AndroidManifest.xml:273:13-48
	android:windowSoftInputMode
		ADDED from src\main\AndroidManifest.xml:275:13-52
	android:configChanges
		ADDED from src\main\AndroidManifest.xml:272:13-74
	android:theme
		ADDED from src\main\AndroidManifest.xml:274:13-56
	android:name
		ADDED from src\main\AndroidManifest.xml:271:13-67
activity#com.cpm.dailyentry.ReferenseImageActivity
ADDED from src\main\AndroidManifest.xml:276:9-281:55
	android:label
		ADDED from src\main\AndroidManifest.xml:279:13-44
	android:windowSoftInputMode
		ADDED from src\main\AndroidManifest.xml:281:13-52
	android:configChanges
		ADDED from src\main\AndroidManifest.xml:278:13-74
	android:theme
		ADDED from src\main\AndroidManifest.xml:280:13-56
	android:name
		ADDED from src\main\AndroidManifest.xml:277:13-69
activity#com.cpm.dailyentry.FeedBackActivity
ADDED from src\main\AndroidManifest.xml:282:9-287:55
	android:label
		ADDED from src\main\AndroidManifest.xml:285:13-46
	android:windowSoftInputMode
		ADDED from src\main\AndroidManifest.xml:287:13-52
	android:configChanges
		ADDED from src\main\AndroidManifest.xml:284:13-74
	android:theme
		ADDED from src\main\AndroidManifest.xml:286:13-56
	android:name
		ADDED from src\main\AndroidManifest.xml:283:13-63
activity#com.cpm.dailyentry.AssetActivity
ADDED from src\main\AndroidManifest.xml:288:9-293:55
	android:label
		ADDED from src\main\AndroidManifest.xml:291:13-43
	android:windowSoftInputMode
		ADDED from src\main\AndroidManifest.xml:293:13-52
	android:configChanges
		ADDED from src\main\AndroidManifest.xml:290:13-74
	android:theme
		ADDED from src\main\AndroidManifest.xml:292:13-56
	android:name
		ADDED from src\main\AndroidManifest.xml:289:13-60
meta-data#com.google.android.maps.v2.API_KEY
ADDED from src\main\AndroidManifest.xml:295:9-297:71
	android:value
		ADDED from src\main\AndroidManifest.xml:297:13-68
	android:name
		ADDED from src\main\AndroidManifest.xml:296:13-62
meta-data#com.google.android.gms.version
ADDED from src\main\AndroidManifest.xml:306:9-308:69
MERGED from [com.google.android.gms:play-services-basement:8.4.0] AndroidManifest.xml:21:9-23:69
	android:value
		ADDED from src\main\AndroidManifest.xml:308:13-66
	android:name
		ADDED from src\main\AndroidManifest.xml:307:13-58
activity#com.cpm.dailyentry.AdditionalVisibilityActivity
ADDED from src\main\AndroidManifest.xml:310:9-315:55
	android:label
		ADDED from src\main\AndroidManifest.xml:313:13-52
	android:windowSoftInputMode
		ADDED from src\main\AndroidManifest.xml:315:13-52
	android:configChanges
		ADDED from src\main\AndroidManifest.xml:312:13-74
	android:theme
		ADDED from src\main\AndroidManifest.xml:314:13-56
	android:name
		ADDED from src\main\AndroidManifest.xml:311:13-75
activity#com.cpm.dailyentry.AssetNewActivity
ADDED from src\main\AndroidManifest.xml:316:9-72
	android:name
		ADDED from src\main\AndroidManifest.xml:316:19-69
activity#com.cpm.dailyentry.AssetReferenceActivity
ADDED from src\main\AndroidManifest.xml:317:9-78
	android:name
		ADDED from src\main\AndroidManifest.xml:317:19-75
activity#com.cpm.dailyentry.SubAssetCategoryActivity
ADDED from src\main\AndroidManifest.xml:318:9-89
	android:name
		ADDED from src\main\AndroidManifest.xml:318:19-77
uses-feature#0x00020000
ADDED from [com.google.android.gms:play-services-maps:8.4.0] AndroidManifest.xml:22:5-24:33
	android:glEsVersion
		ADDED from [com.google.android.gms:play-services-maps:8.4.0] AndroidManifest.xml:23:8-40
	android:required
		ADDED from [com.google.android.gms:play-services-maps:8.4.0] AndroidManifest.xml:24:8-31